2025-05-03 18:46:16.436 [main] INFO  com.itheima.TliasWebManagementApplication-Starting TliasWebManagementApplication using Java 17.0.12 with PID 19320 (D:\Graduate\JavaPro\Web-Ai\tlias-web-management\target\classes started by Smart陈文钦 in D:\Graduate\JavaPro\Web-Ai)
2025-05-03 18:46:16.441 [main] INFO  com.itheima.TliasWebManagementApplication-No active profile set, falling back to 1 default profile: "default"
2025-05-03 18:46:21.553 [main] INFO  o.s.boot.web.embedded.tomcat.TomcatWebServer-Tomcat initialized with port 8080 (http)
2025-05-03 18:46:21.613 [main] INFO  org.apache.coyote.http11.Http11NioProtocol-Initializing ProtocolHandler ["http-nio-8080"]
2025-05-03 18:46:21.618 [main] INFO  org.apache.catalina.core.StandardService-Starting service [Tomcat]
2025-05-03 18:46:21.619 [main] INFO  org.apache.catalina.core.StandardEngine-Starting Servlet engine: [Apache Tomcat/10.1.40]
2025-05-03 18:46:21.836 [main] INFO  o.a.c.core.ContainerBase.[Tomcat].[localhost].[/]-Initializing Spring embedded WebApplicationContext
2025-05-03 18:46:21.847 [main] INFO  o.s.b.w.s.c.ServletWebServerApplicationContext-Root WebApplicationContext: initialization completed in 5271 ms
2025-05-03 18:46:23.840 [main] INFO  org.apache.coyote.http11.Http11NioProtocol-Starting ProtocolHandler ["http-nio-8080"]
2025-05-03 18:46:23.895 [main] INFO  o.s.boot.web.embedded.tomcat.TomcatWebServer-Tomcat started on port 8080 (http) with context path '/'
2025-05-03 18:46:23.918 [main] INFO  com.itheima.TliasWebManagementApplication-Started TliasWebManagementApplication in 8.66 seconds (process running for 10.816)
2025-05-03 18:47:38.850 [http-nio-8080-exec-2] INFO  o.a.c.core.ContainerBase.[Tomcat].[localhost].[/]-Initializing Spring DispatcherServlet 'dispatcherServlet'
2025-05-03 18:47:38.850 [http-nio-8080-exec-2] INFO  org.springframework.web.servlet.DispatcherServlet-Initializing Servlet 'dispatcherServlet'
2025-05-03 18:47:38.851 [http-nio-8080-exec-2] INFO  org.springframework.web.servlet.DispatcherServlet-Completed initialization in 1 ms
2025-05-03 18:47:38.867 [http-nio-8080-exec-2] ERROR o.a.c.c.C.[.[localhost].[/].[dispatcherServlet]-Servlet.service() for servlet [dispatcherServlet] in context with path [] threw exception [No adapter for handler [com.itheima.controller.EmpController@329bc87f]: The DispatcherServlet configuration needs to include a HandlerAdapter that supports this handler] with root cause
jakarta.servlet.ServletException: No adapter for handler [com.itheima.controller.EmpController@329bc87f]: The DispatcherServlet configuration needs to include a HandlerAdapter that supports this handler
	at org.springframework.web.servlet.DispatcherServlet.getHandlerAdapter(DispatcherServlet.java:1325)
	at org.springframework.web.servlet.DispatcherServlet.doDispatch(DispatcherServlet.java:1072)
	at org.springframework.web.servlet.DispatcherServlet.doService(DispatcherServlet.java:979)
	at org.springframework.web.servlet.FrameworkServlet.processRequest(FrameworkServlet.java:1014)
	at org.springframework.web.servlet.FrameworkServlet.doGet(FrameworkServlet.java:903)
	at jakarta.servlet.http.HttpServlet.service(HttpServlet.java:564)
	at org.springframework.web.servlet.FrameworkServlet.service(FrameworkServlet.java:885)
	at jakarta.servlet.http.HttpServlet.service(HttpServlet.java:658)
	at org.apache.catalina.core.ApplicationFilterChain.internalDoFilter(ApplicationFilterChain.java:195)
	at org.apache.catalina.core.ApplicationFilterChain.doFilter(ApplicationFilterChain.java:140)
	at org.apache.tomcat.websocket.server.WsFilter.doFilter(WsFilter.java:51)
	at org.apache.catalina.core.ApplicationFilterChain.internalDoFilter(ApplicationFilterChain.java:164)
	at org.apache.catalina.core.ApplicationFilterChain.doFilter(ApplicationFilterChain.java:140)
	at org.springframework.web.filter.RequestContextFilter.doFilterInternal(RequestContextFilter.java:100)
	at org.springframework.web.filter.OncePerRequestFilter.doFilter(OncePerRequestFilter.java:116)
	at org.apache.catalina.core.ApplicationFilterChain.internalDoFilter(ApplicationFilterChain.java:164)
	at org.apache.catalina.core.ApplicationFilterChain.doFilter(ApplicationFilterChain.java:140)
	at org.springframework.web.filter.FormContentFilter.doFilterInternal(FormContentFilter.java:93)
	at org.springframework.web.filter.OncePerRequestFilter.doFilter(OncePerRequestFilter.java:116)
	at org.apache.catalina.core.ApplicationFilterChain.internalDoFilter(ApplicationFilterChain.java:164)
	at org.apache.catalina.core.ApplicationFilterChain.doFilter(ApplicationFilterChain.java:140)
	at org.springframework.web.filter.CharacterEncodingFilter.doFilterInternal(CharacterEncodingFilter.java:201)
	at org.springframework.web.filter.OncePerRequestFilter.doFilter(OncePerRequestFilter.java:116)
	at org.apache.catalina.core.ApplicationFilterChain.internalDoFilter(ApplicationFilterChain.java:164)
	at org.apache.catalina.core.ApplicationFilterChain.doFilter(ApplicationFilterChain.java:140)
	at org.apache.catalina.core.StandardWrapperValve.invoke(StandardWrapperValve.java:167)
	at org.apache.catalina.core.StandardContextValve.invoke(StandardContextValve.java:90)
	at org.apache.catalina.authenticator.AuthenticatorBase.invoke(AuthenticatorBase.java:483)
	at org.apache.catalina.core.StandardHostValve.invoke(StandardHostValve.java:116)
	at org.apache.catalina.valves.ErrorReportValve.invoke(ErrorReportValve.java:93)
	at org.apache.catalina.core.StandardEngineValve.invoke(StandardEngineValve.java:74)
	at org.apache.catalina.connector.CoyoteAdapter.service(CoyoteAdapter.java:344)
	at org.apache.coyote.http11.Http11Processor.service(Http11Processor.java:398)
	at org.apache.coyote.AbstractProcessorLight.process(AbstractProcessorLight.java:63)
	at org.apache.coyote.AbstractProtocol$ConnectionHandler.process(AbstractProtocol.java:903)
	at org.apache.tomcat.util.net.NioEndpoint$SocketProcessor.doRun(NioEndpoint.java:1740)
	at org.apache.tomcat.util.net.SocketProcessorBase.run(SocketProcessorBase.java:52)
	at org.apache.tomcat.util.threads.ThreadPoolExecutor.runWorker(ThreadPoolExecutor.java:1189)
	at org.apache.tomcat.util.threads.ThreadPoolExecutor$Worker.run(ThreadPoolExecutor.java:658)
	at org.apache.tomcat.util.threads.TaskThread$WrappingRunnable.run(TaskThread.java:63)
	at java.base/java.lang.Thread.run(Thread.java:842)
2025-05-03 18:49:07.780 [main] INFO  com.itheima.TliasWebManagementApplication-Starting TliasWebManagementApplication using Java 17.0.12 with PID 19132 (D:\Graduate\JavaPro\Web-Ai\tlias-web-management\target\classes started by Smart陈文钦 in D:\Graduate\JavaPro\Web-Ai)
2025-05-03 18:49:07.782 [main] INFO  com.itheima.TliasWebManagementApplication-No active profile set, falling back to 1 default profile: "default"
2025-05-03 18:49:08.775 [main] INFO  o.s.boot.web.embedded.tomcat.TomcatWebServer-Tomcat initialized with port 8080 (http)
2025-05-03 18:49:08.785 [main] INFO  org.apache.coyote.http11.Http11NioProtocol-Initializing ProtocolHandler ["http-nio-8080"]
2025-05-03 18:49:08.787 [main] INFO  org.apache.catalina.core.StandardService-Starting service [Tomcat]
2025-05-03 18:49:08.787 [main] INFO  org.apache.catalina.core.StandardEngine-Starting Servlet engine: [Apache Tomcat/10.1.40]
2025-05-03 18:49:08.844 [main] INFO  o.a.c.core.ContainerBase.[Tomcat].[localhost].[/]-Initializing Spring embedded WebApplicationContext
2025-05-03 18:49:08.844 [main] INFO  o.s.b.w.s.c.ServletWebServerApplicationContext-Root WebApplicationContext: initialization completed in 1010 ms
2025-05-03 18:49:09.362 [main] INFO  org.apache.coyote.http11.Http11NioProtocol-Starting ProtocolHandler ["http-nio-8080"]
2025-05-03 18:49:09.377 [main] INFO  o.s.boot.web.embedded.tomcat.TomcatWebServer-Tomcat started on port 8080 (http) with context path '/'
2025-05-03 18:49:09.386 [main] INFO  com.itheima.TliasWebManagementApplication-Started TliasWebManagementApplication in 2.087 seconds (process running for 3.04)
2025-05-03 18:49:14.709 [http-nio-8080-exec-5] INFO  o.a.c.core.ContainerBase.[Tomcat].[localhost].[/]-Initializing Spring DispatcherServlet 'dispatcherServlet'
2025-05-03 18:49:14.709 [http-nio-8080-exec-5] INFO  org.springframework.web.servlet.DispatcherServlet-Initializing Servlet 'dispatcherServlet'
2025-05-03 18:49:14.710 [http-nio-8080-exec-5] INFO  org.springframework.web.servlet.DispatcherServlet-Completed initialization in 1 ms
2025-05-03 18:49:14.741 [http-nio-8080-exec-5] INFO  com.itheima.controller.EmpController-分页查询page:1,pageSize:10
2025-05-03 18:49:14.754 [http-nio-8080-exec-5] INFO  com.zaxxer.hikari.HikariDataSource-HikariPool-1 - Starting...
2025-05-03 18:49:14.929 [http-nio-8080-exec-5] INFO  com.zaxxer.hikari.pool.HikariPool-HikariPool-1 - Added connection com.mysql.jdbc.JDBC4Connection@433b1be2
2025-05-03 18:49:14.931 [http-nio-8080-exec-5] INFO  com.zaxxer.hikari.HikariDataSource-HikariPool-1 - Start completed.
2025-05-03 18:51:59.217 [SpringApplicationShutdownHook] INFO  com.zaxxer.hikari.HikariDataSource-HikariPool-1 - Shutdown initiated...
2025-05-03 18:51:59.224 [SpringApplicationShutdownHook] INFO  com.zaxxer.hikari.HikariDataSource-HikariPool-1 - Shutdown completed.
2025-05-03 22:29:03.062 [main] INFO  com.itheima.TliasWebManagementApplication-Starting TliasWebManagementApplication using Java 17.0.12 with PID 8744 (D:\Graduate\JavaPro\Web-Ai\tlias-web-management\target\classes started by Smart陈文钦 in D:\Graduate\JavaPro\Web-Ai)
2025-05-03 22:29:03.066 [main] INFO  com.itheima.TliasWebManagementApplication-No active profile set, falling back to 1 default profile: "default"
2025-05-03 22:29:04.826 [main] INFO  o.s.boot.web.embedded.tomcat.TomcatWebServer-Tomcat initialized with port 8080 (http)
2025-05-03 22:29:04.838 [main] INFO  org.apache.coyote.http11.Http11NioProtocol-Initializing ProtocolHandler ["http-nio-8080"]
2025-05-03 22:29:04.840 [main] INFO  org.apache.catalina.core.StandardService-Starting service [Tomcat]
2025-05-03 22:29:04.840 [main] INFO  org.apache.catalina.core.StandardEngine-Starting Servlet engine: [Apache Tomcat/10.1.40]
2025-05-03 22:29:04.890 [main] INFO  o.a.c.core.ContainerBase.[Tomcat].[localhost].[/]-Initializing Spring embedded WebApplicationContext
2025-05-03 22:29:04.891 [main] INFO  o.s.b.w.s.c.ServletWebServerApplicationContext-Root WebApplicationContext: initialization completed in 1768 ms
2025-05-03 22:29:05.606 [main] INFO  org.apache.coyote.http11.Http11NioProtocol-Starting ProtocolHandler ["http-nio-8080"]
2025-05-03 22:29:05.646 [main] INFO  o.s.boot.web.embedded.tomcat.TomcatWebServer-Tomcat started on port 8080 (http) with context path '/'
2025-05-03 22:29:05.669 [main] INFO  com.itheima.TliasWebManagementApplication-Started TliasWebManagementApplication in 3.135 seconds (process running for 4.312)
2025-05-03 22:29:16.854 [http-nio-8080-exec-2] INFO  o.a.c.core.ContainerBase.[Tomcat].[localhost].[/]-Initializing Spring DispatcherServlet 'dispatcherServlet'
2025-05-03 22:29:16.854 [http-nio-8080-exec-2] INFO  org.springframework.web.servlet.DispatcherServlet-Initializing Servlet 'dispatcherServlet'
2025-05-03 22:29:16.856 [http-nio-8080-exec-2] INFO  org.springframework.web.servlet.DispatcherServlet-Completed initialization in 2 ms
2025-05-03 22:29:16.888 [http-nio-8080-exec-1] INFO  com.itheima.controller.DeptController-查询所有部门
2025-05-03 22:29:16.907 [http-nio-8080-exec-2] INFO  com.itheima.controller.EmpController-分页查询page:1,pageSize:10
2025-05-03 22:29:16.923 [http-nio-8080-exec-1] INFO  com.zaxxer.hikari.HikariDataSource-HikariPool-1 - Starting...
2025-05-03 22:29:17.189 [http-nio-8080-exec-1] INFO  com.zaxxer.hikari.pool.HikariPool-HikariPool-1 - Added connection com.mysql.jdbc.JDBC4Connection@10b83992
2025-05-03 22:29:17.193 [http-nio-8080-exec-1] INFO  com.zaxxer.hikari.HikariDataSource-HikariPool-1 - Start completed.
2025-05-03 22:37:45.997 [http-nio-8080-exec-5] INFO  com.itheima.controller.EmpController-分页查询page:2,pageSize:10
2025-05-03 22:37:47.334 [http-nio-8080-exec-6] INFO  com.itheima.controller.EmpController-分页查询page:3,pageSize:10
2025-05-03 22:37:48.470 [http-nio-8080-exec-7] INFO  com.itheima.controller.EmpController-分页查询page:4,pageSize:10
2025-05-03 22:37:49.914 [http-nio-8080-exec-8] INFO  com.itheima.controller.EmpController-分页查询page:1,pageSize:10
2025-05-03 22:56:30.590 [main] INFO  com.itheima.TliasWebManagementApplication-Starting TliasWebManagementApplication using Java 17.0.12 with PID 24008 (D:\Graduate\JavaPro\Web-Ai\tlias-web-management\target\classes started by Smart陈文钦 in D:\Graduate\JavaPro\Web-Ai)
2025-05-03 22:56:30.594 [main] INFO  com.itheima.TliasWebManagementApplication-No active profile set, falling back to 1 default profile: "default"
2025-05-03 22:56:31.995 [main] INFO  o.s.boot.web.embedded.tomcat.TomcatWebServer-Tomcat initialized with port 8080 (http)
2025-05-03 22:56:32.010 [main] INFO  org.apache.coyote.http11.Http11NioProtocol-Initializing ProtocolHandler ["http-nio-8080"]
2025-05-03 22:56:32.011 [main] INFO  org.apache.catalina.core.StandardService-Starting service [Tomcat]
2025-05-03 22:56:32.011 [main] INFO  org.apache.catalina.core.StandardEngine-Starting Servlet engine: [Apache Tomcat/10.1.40]
2025-05-03 22:56:32.062 [main] INFO  o.a.c.core.ContainerBase.[Tomcat].[localhost].[/]-Initializing Spring embedded WebApplicationContext
2025-05-03 22:56:32.062 [main] INFO  o.s.b.w.s.c.ServletWebServerApplicationContext-Root WebApplicationContext: initialization completed in 1392 ms
2025-05-03 22:56:32.747 [main] INFO  org.apache.coyote.http11.Http11NioProtocol-Starting ProtocolHandler ["http-nio-8080"]
2025-05-03 22:56:32.753 [main] WARN  o.s.b.w.s.c.AnnotationConfigServletWebServerApplicationContext-Exception encountered during context initialization - cancelling refresh attempt: org.springframework.context.ApplicationContextException: Failed to start bean 'webServerStartStop'
2025-05-03 22:56:32.771 [main] INFO  o.s.b.a.logging.ConditionEvaluationReportLogger-

Error starting ApplicationContext. To display the condition evaluation report re-run your application with 'debug' enabled.
2025-05-03 22:56:32.796 [main] ERROR o.s.b.diagnostics.LoggingFailureAnalysisReporter-

***************************
APPLICATION FAILED TO START
***************************

Description:

Web server failed to start. Port 8080 was already in use.

Action:

Identify and stop the process that's listening on port 8080 or configure this application to listen on another port.

2025-05-03 22:57:37.047 [http-nio-8080-exec-9] INFO  com.itheima.controller.EmpController-分页查询page:1,pageSize:10
2025-05-03 22:57:38.360 [http-nio-8080-exec-10] INFO  com.itheima.controller.EmpController-分页查询page:1,pageSize:10
2025-05-03 23:00:34.651 [main] INFO  com.itheima.TliasWebManagementApplication-Starting TliasWebManagementApplication using Java 17.0.12 with PID 22952 (D:\Graduate\JavaPro\Web-Ai\tlias-web-management\target\classes started by Smart陈文钦 in D:\Graduate\JavaPro\Web-Ai)
2025-05-03 23:00:34.653 [main] INFO  com.itheima.TliasWebManagementApplication-No active profile set, falling back to 1 default profile: "default"
2025-05-03 23:00:35.643 [main] INFO  o.s.boot.web.embedded.tomcat.TomcatWebServer-Tomcat initialized with port 8080 (http)
2025-05-03 23:00:35.653 [main] INFO  org.apache.coyote.http11.Http11NioProtocol-Initializing ProtocolHandler ["http-nio-8080"]
2025-05-03 23:00:35.655 [main] INFO  org.apache.catalina.core.StandardService-Starting service [Tomcat]
2025-05-03 23:00:35.655 [main] INFO  org.apache.catalina.core.StandardEngine-Starting Servlet engine: [Apache Tomcat/10.1.40]
2025-05-03 23:00:35.699 [main] INFO  o.a.c.core.ContainerBase.[Tomcat].[localhost].[/]-Initializing Spring embedded WebApplicationContext
2025-05-03 23:00:35.699 [main] INFO  o.s.b.w.s.c.ServletWebServerApplicationContext-Root WebApplicationContext: initialization completed in 1003 ms
2025-05-03 23:00:36.239 [main] INFO  org.apache.coyote.http11.Http11NioProtocol-Starting ProtocolHandler ["http-nio-8080"]
2025-05-03 23:00:36.242 [main] WARN  o.s.b.w.s.c.AnnotationConfigServletWebServerApplicationContext-Exception encountered during context initialization - cancelling refresh attempt: org.springframework.context.ApplicationContextException: Failed to start bean 'webServerStartStop'
2025-05-03 23:00:36.260 [main] INFO  o.s.b.a.logging.ConditionEvaluationReportLogger-

Error starting ApplicationContext. To display the condition evaluation report re-run your application with 'debug' enabled.
2025-05-03 23:00:36.272 [main] ERROR o.s.b.diagnostics.LoggingFailureAnalysisReporter-

***************************
APPLICATION FAILED TO START
***************************

Description:

Web server failed to start. Port 8080 was already in use.

Action:

Identify and stop the process that's listening on port 8080 or configure this application to listen on another port.

2025-05-03 23:01:20.783 [main] INFO  com.itheima.TliasWebManagementApplication-Starting TliasWebManagementApplication using Java 17.0.12 with PID 6300 (D:\Graduate\JavaPro\Web-Ai\tlias-web-management\target\classes started by Smart陈文钦 in D:\Graduate\JavaPro\Web-Ai)
2025-05-03 23:01:20.785 [main] INFO  com.itheima.TliasWebManagementApplication-No active profile set, falling back to 1 default profile: "default"
2025-05-03 23:01:21.660 [main] INFO  o.s.boot.web.embedded.tomcat.TomcatWebServer-Tomcat initialized with port 8080 (http)
2025-05-03 23:01:21.669 [main] INFO  org.apache.coyote.http11.Http11NioProtocol-Initializing ProtocolHandler ["http-nio-8080"]
2025-05-03 23:01:21.671 [main] INFO  org.apache.catalina.core.StandardService-Starting service [Tomcat]
2025-05-03 23:01:21.671 [main] INFO  org.apache.catalina.core.StandardEngine-Starting Servlet engine: [Apache Tomcat/10.1.40]
2025-05-03 23:01:21.714 [main] INFO  o.a.c.core.ContainerBase.[Tomcat].[localhost].[/]-Initializing Spring embedded WebApplicationContext
2025-05-03 23:01:21.714 [main] INFO  o.s.b.w.s.c.ServletWebServerApplicationContext-Root WebApplicationContext: initialization completed in 884 ms
2025-05-03 23:01:22.212 [main] INFO  org.apache.coyote.http11.Http11NioProtocol-Starting ProtocolHandler ["http-nio-8080"]
2025-05-03 23:01:22.216 [main] WARN  o.s.b.w.s.c.AnnotationConfigServletWebServerApplicationContext-Exception encountered during context initialization - cancelling refresh attempt: org.springframework.context.ApplicationContextException: Failed to start bean 'webServerStartStop'
2025-05-03 23:01:22.230 [main] INFO  o.s.b.a.logging.ConditionEvaluationReportLogger-

Error starting ApplicationContext. To display the condition evaluation report re-run your application with 'debug' enabled.
2025-05-03 23:01:22.242 [main] ERROR o.s.b.diagnostics.LoggingFailureAnalysisReporter-

***************************
APPLICATION FAILED TO START
***************************

Description:

Web server failed to start. Port 8080 was already in use.

Action:

Identify and stop the process that's listening on port 8080 or configure this application to listen on another port.

2025-05-03 23:01:55.060 [http-nio-8080-exec-2] INFO  com.itheima.controller.DeptController-查询所有部门
2025-05-03 23:01:55.060 [http-nio-8080-exec-1] INFO  com.itheima.controller.EmpController-分页查询page:1,pageSize:10
2025-05-03 23:02:01.226 [http-nio-8080-exec-5] INFO  com.itheima.controller.DeptController-查询所有部门
2025-05-03 23:02:01.226 [http-nio-8080-exec-4] INFO  com.itheima.controller.EmpController-分页查询page:1,pageSize:10
2025-05-03 23:02:02.839 [http-nio-8080-exec-6] INFO  com.itheima.controller.DeptController-查询所有部门
2025-05-03 23:02:04.760 [http-nio-8080-exec-7] INFO  com.itheima.controller.DeptController-查询所有部门
2025-05-03 23:02:06.219 [http-nio-8080-exec-8] INFO  com.itheima.controller.DeptController-修改部门：1:
2025-05-03 23:03:37.989 [http-nio-8080-exec-4] INFO  com.itheima.controller.DeptController-查询所有部门
2025-05-03 23:03:40.839 [http-nio-8080-exec-8] INFO  com.itheima.controller.DeptController-查询所有部门
2025-05-03 23:03:41.482 [http-nio-8080-exec-10] INFO  com.itheima.controller.DeptController-查询所有部门
2025-05-03 23:03:41.482 [http-nio-8080-exec-9] INFO  com.itheima.controller.EmpController-分页查询page:1,pageSize:10
2025-05-03 23:03:42.246 [http-nio-8080-exec-2] INFO  com.itheima.controller.DeptController-查询所有部门
2025-05-03 23:03:43.613 [http-nio-8080-exec-1] INFO  com.itheima.controller.DeptController-修改部门：1:
2025-05-03 23:03:48.402 [http-nio-8080-exec-3] INFO  com.itheima.controller.DeptController-修改部门：Dept(id=1, name=学工, createTime=2025-05-02T23:11:17, updateTime=2025-05-20T23:11:20)
2025-05-03 23:03:48.434 [http-nio-8080-exec-5] INFO  com.itheima.controller.DeptController-查询所有部门
2025-05-03 23:03:58.169 [main] INFO  com.itheima.TliasWebManagementApplication-Starting TliasWebManagementApplication using Java 17.0.12 with PID 2876 (D:\Graduate\JavaPro\Web-Ai\tlias-web-management\target\classes started by Smart陈文钦 in D:\Graduate\JavaPro\Web-Ai)
2025-05-03 23:03:58.171 [main] INFO  com.itheima.TliasWebManagementApplication-No active profile set, falling back to 1 default profile: "default"
2025-05-03 23:03:59.080 [main] INFO  o.s.boot.web.embedded.tomcat.TomcatWebServer-Tomcat initialized with port 8080 (http)
2025-05-03 23:03:59.091 [main] INFO  org.apache.coyote.http11.Http11NioProtocol-Initializing ProtocolHandler ["http-nio-8080"]
2025-05-03 23:03:59.092 [main] INFO  org.apache.catalina.core.StandardService-Starting service [Tomcat]
2025-05-03 23:03:59.093 [main] INFO  org.apache.catalina.core.StandardEngine-Starting Servlet engine: [Apache Tomcat/10.1.40]
2025-05-03 23:03:59.144 [main] INFO  o.a.c.core.ContainerBase.[Tomcat].[localhost].[/]-Initializing Spring embedded WebApplicationContext
2025-05-03 23:03:59.145 [main] INFO  o.s.b.w.s.c.ServletWebServerApplicationContext-Root WebApplicationContext: initialization completed in 937 ms
2025-05-03 23:03:59.644 [main] INFO  org.apache.coyote.http11.Http11NioProtocol-Starting ProtocolHandler ["http-nio-8080"]
2025-05-03 23:03:59.648 [main] WARN  o.s.b.w.s.c.AnnotationConfigServletWebServerApplicationContext-Exception encountered during context initialization - cancelling refresh attempt: org.springframework.context.ApplicationContextException: Failed to start bean 'webServerStartStop'
2025-05-03 23:03:59.664 [main] INFO  o.s.b.a.logging.ConditionEvaluationReportLogger-

Error starting ApplicationContext. To display the condition evaluation report re-run your application with 'debug' enabled.
2025-05-03 23:03:59.676 [main] ERROR o.s.b.diagnostics.LoggingFailureAnalysisReporter-

***************************
APPLICATION FAILED TO START
***************************

Description:

Web server failed to start. Port 8080 was already in use.

Action:

Identify and stop the process that's listening on port 8080 or configure this application to listen on another port.

2025-05-03 23:04:21.165 [main] INFO  com.itheima.TliasWebManagementApplication-Starting TliasWebManagementApplication using Java 17.0.12 with PID 2192 (D:\Graduate\JavaPro\Web-Ai\tlias-web-management\target\classes started by Smart陈文钦 in D:\Graduate\JavaPro\Web-Ai)
2025-05-03 23:04:21.168 [main] INFO  com.itheima.TliasWebManagementApplication-No active profile set, falling back to 1 default profile: "default"
2025-05-03 23:04:22.033 [main] INFO  o.s.boot.web.embedded.tomcat.TomcatWebServer-Tomcat initialized with port 8080 (http)
2025-05-03 23:04:22.043 [main] INFO  org.apache.coyote.http11.Http11NioProtocol-Initializing ProtocolHandler ["http-nio-8080"]
2025-05-03 23:04:22.045 [main] INFO  org.apache.catalina.core.StandardService-Starting service [Tomcat]
2025-05-03 23:04:22.045 [main] INFO  org.apache.catalina.core.StandardEngine-Starting Servlet engine: [Apache Tomcat/10.1.40]
2025-05-03 23:04:22.107 [main] INFO  o.a.c.core.ContainerBase.[Tomcat].[localhost].[/]-Initializing Spring embedded WebApplicationContext
2025-05-03 23:04:22.108 [main] INFO  o.s.b.w.s.c.ServletWebServerApplicationContext-Root WebApplicationContext: initialization completed in 901 ms
2025-05-03 23:04:22.599 [main] INFO  org.apache.coyote.http11.Http11NioProtocol-Starting ProtocolHandler ["http-nio-8080"]
2025-05-03 23:04:22.604 [main] WARN  o.s.b.w.s.c.AnnotationConfigServletWebServerApplicationContext-Exception encountered during context initialization - cancelling refresh attempt: org.springframework.context.ApplicationContextException: Failed to start bean 'webServerStartStop'
2025-05-03 23:04:22.617 [main] INFO  o.s.b.a.logging.ConditionEvaluationReportLogger-

Error starting ApplicationContext. To display the condition evaluation report re-run your application with 'debug' enabled.
2025-05-03 23:04:22.629 [main] ERROR o.s.b.diagnostics.LoggingFailureAnalysisReporter-

***************************
APPLICATION FAILED TO START
***************************

Description:

Web server failed to start. Port 8080 was already in use.

Action:

Identify and stop the process that's listening on port 8080 or configure this application to listen on another port.

2025-05-03 23:05:23.560 [main] INFO  com.itheima.TliasWebManagementApplication-Starting TliasWebManagementApplication using Java 17.0.12 with PID 22744 (D:\Graduate\JavaPro\Web-Ai\tlias-web-management\target\classes started by Smart陈文钦 in D:\Graduate\JavaPro\Web-Ai)
2025-05-03 23:05:23.564 [main] INFO  com.itheima.TliasWebManagementApplication-No active profile set, falling back to 1 default profile: "default"
2025-05-03 23:05:25.134 [main] INFO  o.s.boot.web.embedded.tomcat.TomcatWebServer-Tomcat initialized with port 8080 (http)
2025-05-03 23:05:25.144 [main] INFO  org.apache.coyote.http11.Http11NioProtocol-Initializing ProtocolHandler ["http-nio-8080"]
2025-05-03 23:05:25.146 [main] INFO  org.apache.catalina.core.StandardService-Starting service [Tomcat]
2025-05-03 23:05:25.147 [main] INFO  org.apache.catalina.core.StandardEngine-Starting Servlet engine: [Apache Tomcat/10.1.40]
2025-05-03 23:05:25.191 [main] INFO  o.a.c.core.ContainerBase.[Tomcat].[localhost].[/]-Initializing Spring embedded WebApplicationContext
2025-05-03 23:05:25.191 [main] INFO  o.s.b.w.s.c.ServletWebServerApplicationContext-Root WebApplicationContext: initialization completed in 1552 ms
2025-05-03 23:05:25.744 [main] INFO  org.apache.coyote.http11.Http11NioProtocol-Starting ProtocolHandler ["http-nio-8080"]
2025-05-03 23:05:25.748 [main] WARN  o.s.b.w.s.c.AnnotationConfigServletWebServerApplicationContext-Exception encountered during context initialization - cancelling refresh attempt: org.springframework.context.ApplicationContextException: Failed to start bean 'webServerStartStop'
2025-05-03 23:05:25.763 [main] INFO  o.s.b.a.logging.ConditionEvaluationReportLogger-

Error starting ApplicationContext. To display the condition evaluation report re-run your application with 'debug' enabled.
2025-05-03 23:05:25.776 [main] ERROR o.s.b.diagnostics.LoggingFailureAnalysisReporter-

***************************
APPLICATION FAILED TO START
***************************

Description:

Web server failed to start. Port 8080 was already in use.

Action:

Identify and stop the process that's listening on port 8080 or configure this application to listen on another port.

2025-05-03 23:08:24.502 [main] INFO  com.itheima.TliasWebManagementApplication-Starting TliasWebManagementApplication using Java 17.0.12 with PID 21668 (D:\Graduate\JavaPro\Web-Ai\tlias-web-management\target\classes started by Smart陈文钦 in D:\Graduate\JavaPro\Web-Ai)
2025-05-03 23:08:24.506 [main] INFO  com.itheima.TliasWebManagementApplication-No active profile set, falling back to 1 default profile: "default"
2025-05-03 23:08:26.080 [main] INFO  o.s.boot.web.embedded.tomcat.TomcatWebServer-Tomcat initialized with port 8080 (http)
2025-05-03 23:08:26.092 [main] INFO  org.apache.coyote.http11.Http11NioProtocol-Initializing ProtocolHandler ["http-nio-8080"]
2025-05-03 23:08:26.093 [main] INFO  org.apache.catalina.core.StandardService-Starting service [Tomcat]
2025-05-03 23:08:26.094 [main] INFO  org.apache.catalina.core.StandardEngine-Starting Servlet engine: [Apache Tomcat/10.1.40]
2025-05-03 23:08:26.147 [main] INFO  o.a.c.core.ContainerBase.[Tomcat].[localhost].[/]-Initializing Spring embedded WebApplicationContext
2025-05-03 23:08:26.148 [main] INFO  o.s.b.w.s.c.ServletWebServerApplicationContext-Root WebApplicationContext: initialization completed in 1580 ms
2025-05-03 23:08:27.279 [main] INFO  o.s.b.actuate.endpoint.web.EndpointLinksResolver-Exposing 1 endpoint beneath base path '/actuator'
2025-05-03 23:08:27.341 [main] INFO  org.apache.coyote.http11.Http11NioProtocol-Starting ProtocolHandler ["http-nio-8080"]
2025-05-03 23:08:27.348 [main] WARN  o.s.b.w.s.c.AnnotationConfigServletWebServerApplicationContext-Exception encountered during context initialization - cancelling refresh attempt: org.springframework.context.ApplicationContextException: Failed to start bean 'webServerStartStop'
2025-05-03 23:08:27.382 [main] INFO  o.s.b.a.logging.ConditionEvaluationReportLogger-

Error starting ApplicationContext. To display the condition evaluation report re-run your application with 'debug' enabled.
2025-05-03 23:08:27.405 [main] ERROR o.s.b.diagnostics.LoggingFailureAnalysisReporter-

***************************
APPLICATION FAILED TO START
***************************

Description:

Web server failed to start. Port 8080 was already in use.

Action:

Identify and stop the process that's listening on port 8080 or configure this application to listen on another port.

2025-05-03 23:10:05.808 [main] INFO  com.itheima.TliasWebManagementApplication-Starting TliasWebManagementApplication using Java 17.0.12 with PID 20724 (D:\Graduate\JavaPro\Web-Ai\tlias-web-management\target\classes started by Smart陈文钦 in D:\Graduate\JavaPro\Web-Ai)
2025-05-03 23:10:05.810 [main] INFO  com.itheima.TliasWebManagementApplication-No active profile set, falling back to 1 default profile: "default"
2025-05-03 23:10:08.002 [main] INFO  o.s.boot.web.embedded.tomcat.TomcatWebServer-Tomcat initialized with port 8080 (http)
2025-05-03 23:10:08.014 [main] INFO  org.apache.coyote.http11.Http11NioProtocol-Initializing ProtocolHandler ["http-nio-8080"]
2025-05-03 23:10:08.016 [main] INFO  org.apache.catalina.core.StandardService-Starting service [Tomcat]
2025-05-03 23:10:08.017 [main] INFO  org.apache.catalina.core.StandardEngine-Starting Servlet engine: [Apache Tomcat/10.1.40]
2025-05-03 23:10:08.071 [main] INFO  o.a.c.core.ContainerBase.[Tomcat].[localhost].[/]-Initializing Spring embedded WebApplicationContext
2025-05-03 23:10:08.071 [main] INFO  o.s.b.w.s.c.ServletWebServerApplicationContext-Root WebApplicationContext: initialization completed in 2219 ms
2025-05-03 23:10:08.791 [main] INFO  o.s.b.actuate.endpoint.web.EndpointLinksResolver-Exposing 1 endpoint beneath base path '/actuator'
2025-05-03 23:10:08.837 [main] INFO  org.apache.coyote.http11.Http11NioProtocol-Starting ProtocolHandler ["http-nio-8080"]
2025-05-03 23:10:08.841 [main] WARN  o.s.b.w.s.c.AnnotationConfigServletWebServerApplicationContext-Exception encountered during context initialization - cancelling refresh attempt: org.springframework.context.ApplicationContextException: Failed to start bean 'webServerStartStop'
2025-05-03 23:10:08.863 [main] INFO  o.s.b.a.logging.ConditionEvaluationReportLogger-

Error starting ApplicationContext. To display the condition evaluation report re-run your application with 'debug' enabled.
2025-05-03 23:10:08.875 [main] ERROR o.s.b.diagnostics.LoggingFailureAnalysisReporter-

***************************
APPLICATION FAILED TO START
***************************

Description:

Web server failed to start. Port 8080 was already in use.

Action:

Identify and stop the process that's listening on port 8080 or configure this application to listen on another port.

2025-05-03 23:11:12.538 [main] INFO  com.itheima.TliasWebManagementApplication-Starting TliasWebManagementApplication using Java 17.0.12 with PID 22128 (D:\Graduate\JavaPro\Web-Ai\tlias-web-management\target\classes started by Smart陈文钦 in D:\Graduate\JavaPro\Web-Ai)
2025-05-03 23:11:12.540 [main] INFO  com.itheima.TliasWebManagementApplication-No active profile set, falling back to 1 default profile: "default"
2025-05-03 23:11:13.668 [main] INFO  o.s.boot.web.embedded.tomcat.TomcatWebServer-Tomcat initialized with port 8081 (http)
2025-05-03 23:11:13.677 [main] INFO  org.apache.coyote.http11.Http11NioProtocol-Initializing ProtocolHandler ["http-nio-8081"]
2025-05-03 23:11:13.678 [main] INFO  org.apache.catalina.core.StandardService-Starting service [Tomcat]
2025-05-03 23:11:13.678 [main] INFO  org.apache.catalina.core.StandardEngine-Starting Servlet engine: [Apache Tomcat/10.1.40]
2025-05-03 23:11:13.720 [main] INFO  o.a.c.core.ContainerBase.[Tomcat].[localhost].[/]-Initializing Spring embedded WebApplicationContext
2025-05-03 23:11:13.720 [main] INFO  o.s.b.w.s.c.ServletWebServerApplicationContext-Root WebApplicationContext: initialization completed in 1136 ms
2025-05-03 23:11:14.432 [main] INFO  o.s.b.actuate.endpoint.web.EndpointLinksResolver-Exposing 1 endpoint beneath base path '/actuator'
2025-05-03 23:11:14.498 [main] INFO  org.apache.coyote.http11.Http11NioProtocol-Starting ProtocolHandler ["http-nio-8081"]
2025-05-03 23:11:14.528 [main] INFO  o.s.boot.web.embedded.tomcat.TomcatWebServer-Tomcat started on port 8081 (http) with context path '/'
2025-05-03 23:11:14.550 [main] INFO  com.itheima.TliasWebManagementApplication-Started TliasWebManagementApplication in 2.598 seconds (process running for 3.505)
2025-05-03 23:11:15.098 [RMI TCP Connection(1)-192.168.124.7] INFO  o.a.c.core.ContainerBase.[Tomcat].[localhost].[/]-Initializing Spring DispatcherServlet 'dispatcherServlet'
2025-05-03 23:11:15.098 [RMI TCP Connection(1)-192.168.124.7] INFO  org.springframework.web.servlet.DispatcherServlet-Initializing Servlet 'dispatcherServlet'
2025-05-03 23:11:15.100 [RMI TCP Connection(1)-192.168.124.7] INFO  org.springframework.web.servlet.DispatcherServlet-Completed initialization in 2 ms
2025-05-03 23:11:15.120 [RMI TCP Connection(4)-192.168.124.7] INFO  com.zaxxer.hikari.HikariDataSource-HikariPool-1 - Starting...
2025-05-03 23:11:15.301 [RMI TCP Connection(4)-192.168.124.7] INFO  com.zaxxer.hikari.pool.HikariPool-HikariPool-1 - Added connection com.mysql.jdbc.JDBC4Connection@5a3c4f2
2025-05-03 23:11:15.305 [RMI TCP Connection(4)-192.168.124.7] INFO  com.zaxxer.hikari.HikariDataSource-HikariPool-1 - Start completed.
2025-05-03 23:12:49.026 [http-nio-8081-exec-2] INFO  com.itheima.controller.EmpController-分页模糊查询page:1,pageSize:10,name:张,gender:1,begin:2019-01-01,end:2022-09-09
2025-05-03 23:20:16.201 [http-nio-8080-exec-4] INFO  com.itheima.controller.DeptController-查询所有部门
2025-05-03 23:20:17.910 [http-nio-8080-exec-7] INFO  com.itheima.controller.DeptController-修改部门：1:
2025-05-03 23:20:22.489 [http-nio-8080-exec-6] INFO  com.itheima.controller.DeptController-修改部门：Dept(id=1, name=学工部, createTime=2025-05-02T23:11:17, updateTime=2025-05-03T23:03:48)
2025-05-03 23:20:22.511 [http-nio-8080-exec-8] INFO  com.itheima.controller.DeptController-查询所有部门
2025-05-03 23:20:24.019 [http-nio-8080-exec-9] INFO  com.itheima.controller.DeptController-查询所有部门
2025-05-03 23:20:24.020 [http-nio-8080-exec-10] INFO  com.itheima.controller.EmpController-分页查询page:1,pageSize:10
2025-05-03 23:20:28.087 [http-nio-8080-exec-2] INFO  com.itheima.controller.EmpController-分页查询page:1,pageSize:10
2025-05-03 23:20:28.585 [http-nio-8080-exec-1] INFO  com.itheima.controller.EmpController-分页查询page:1,pageSize:10
2025-05-03 23:20:28.770 [http-nio-8080-exec-3] INFO  com.itheima.controller.EmpController-分页查询page:1,pageSize:10
2025-05-03 23:20:28.968 [http-nio-8080-exec-5] INFO  com.itheima.controller.EmpController-分页查询page:1,pageSize:10
2025-05-03 23:20:29.194 [http-nio-8080-exec-4] INFO  com.itheima.controller.EmpController-分页查询page:1,pageSize:10
2025-05-03 23:20:29.354 [http-nio-8080-exec-7] INFO  com.itheima.controller.EmpController-分页查询page:1,pageSize:10
2025-05-03 23:20:29.518 [http-nio-8080-exec-6] INFO  com.itheima.controller.EmpController-分页查询page:1,pageSize:10
2025-05-03 23:20:29.710 [http-nio-8080-exec-8] INFO  com.itheima.controller.EmpController-分页查询page:1,pageSize:10
2025-05-03 23:20:29.882 [http-nio-8080-exec-9] INFO  com.itheima.controller.EmpController-分页查询page:1,pageSize:10
2025-05-03 23:20:30.013 [http-nio-8080-exec-10] INFO  com.itheima.controller.EmpController-分页查询page:1,pageSize:10
2025-05-03 23:20:30.209 [http-nio-8080-exec-2] INFO  com.itheima.controller.EmpController-分页查询page:1,pageSize:10
2025-05-03 23:20:30.402 [http-nio-8080-exec-1] INFO  com.itheima.controller.EmpController-分页查询page:1,pageSize:10
2025-05-03 23:20:30.857 [http-nio-8080-exec-3] INFO  com.itheima.controller.EmpController-分页查询page:1,pageSize:10
2025-05-03 23:20:31.022 [http-nio-8080-exec-5] INFO  com.itheima.controller.EmpController-分页查询page:1,pageSize:10
2025-05-03 23:24:03.848 [SpringApplicationShutdownHook] INFO  com.zaxxer.hikari.HikariDataSource-HikariPool-1 - Shutdown initiated...
2025-05-03 23:24:03.857 [SpringApplicationShutdownHook] INFO  com.zaxxer.hikari.HikariDataSource-HikariPool-1 - Shutdown completed.
2025-05-03 23:24:13.560 [main] INFO  com.itheima.TliasWebManagementApplication-Starting TliasWebManagementApplication using Java 17.0.12 with PID 21752 (D:\Graduate\JavaPro\Web-Ai\tlias-web-management\target\classes started by Smart陈文钦 in D:\Graduate\JavaPro\Web-Ai)
2025-05-03 23:24:13.565 [main] INFO  com.itheima.TliasWebManagementApplication-No active profile set, falling back to 1 default profile: "default"
2025-05-03 23:24:15.106 [main] INFO  o.s.boot.web.embedded.tomcat.TomcatWebServer-Tomcat initialized with port 8081 (http)
2025-05-03 23:24:15.119 [main] INFO  org.apache.coyote.http11.Http11NioProtocol-Initializing ProtocolHandler ["http-nio-8081"]
2025-05-03 23:24:15.121 [main] INFO  org.apache.catalina.core.StandardService-Starting service [Tomcat]
2025-05-03 23:24:15.121 [main] INFO  org.apache.catalina.core.StandardEngine-Starting Servlet engine: [Apache Tomcat/10.1.40]
2025-05-03 23:24:15.175 [main] INFO  o.a.c.core.ContainerBase.[Tomcat].[localhost].[/]-Initializing Spring embedded WebApplicationContext
2025-05-03 23:24:15.175 [main] INFO  o.s.b.w.s.c.ServletWebServerApplicationContext-Root WebApplicationContext: initialization completed in 1530 ms
2025-05-03 23:24:16.274 [main] INFO  o.s.b.actuate.endpoint.web.EndpointLinksResolver-Exposing 1 endpoint beneath base path '/actuator'
2025-05-03 23:24:16.341 [main] INFO  org.apache.coyote.http11.Http11NioProtocol-Starting ProtocolHandler ["http-nio-8081"]
2025-05-03 23:24:16.365 [main] INFO  o.s.boot.web.embedded.tomcat.TomcatWebServer-Tomcat started on port 8081 (http) with context path '/'
2025-05-03 23:24:16.385 [main] INFO  com.itheima.TliasWebManagementApplication-Started TliasWebManagementApplication in 3.522 seconds (process running for 5.679)
2025-05-03 23:24:16.695 [RMI TCP Connection(3)-192.168.124.7] INFO  com.zaxxer.hikari.HikariDataSource-HikariPool-1 - Starting...
2025-05-03 23:24:16.702 [RMI TCP Connection(2)-192.168.124.7] INFO  o.a.c.core.ContainerBase.[Tomcat].[localhost].[/]-Initializing Spring DispatcherServlet 'dispatcherServlet'
2025-05-03 23:24:16.702 [RMI TCP Connection(2)-192.168.124.7] INFO  org.springframework.web.servlet.DispatcherServlet-Initializing Servlet 'dispatcherServlet'
2025-05-03 23:24:16.708 [RMI TCP Connection(2)-192.168.124.7] INFO  org.springframework.web.servlet.DispatcherServlet-Completed initialization in 6 ms
2025-05-03 23:24:16.937 [RMI TCP Connection(3)-192.168.124.7] INFO  com.zaxxer.hikari.pool.HikariPool-HikariPool-1 - Added connection com.mysql.jdbc.JDBC4Connection@38028bf
2025-05-03 23:24:16.944 [RMI TCP Connection(3)-192.168.124.7] INFO  com.zaxxer.hikari.HikariDataSource-HikariPool-1 - Start completed.
2025-05-03 23:30:12.119 [http-nio-8080-exec-10] INFO  com.itheima.controller.EmpController-分页查询page:1,pageSize:10
2025-05-03 23:30:12.304 [http-nio-8080-exec-2] INFO  com.itheima.controller.EmpController-分页查询page:1,pageSize:10
2025-05-03 23:30:12.475 [http-nio-8080-exec-1] INFO  com.itheima.controller.EmpController-分页查询page:1,pageSize:10
2025-05-03 23:30:12.664 [http-nio-8080-exec-3] INFO  com.itheima.controller.EmpController-分页查询page:1,pageSize:10
2025-05-03 23:32:17.690 [http-nio-8081-exec-2] INFO  com.itheima.controller.EmpController-分页模糊查询page:1,pageSize:10,name:张,gender:1,begin:2019-01-01,end:2022-09-09
2025-05-03 23:34:04.331 [http-nio-8081-exec-4] INFO  com.itheima.controller.EmpController-分页模糊查询page:1,pageSize:10,name:李,gender:1,begin:2019-01-01,end:2022-09-09
2025-05-03 23:41:19.346 [http-nio-8081-exec-7] INFO  com.itheima.controller.EmpController-分页模糊查询page:1,pageSize:10,name:李,gender:null,begin:null,end:null
2025-05-03 23:41:41.514 [http-nio-8081-exec-9] INFO  com.itheima.controller.EmpController-分页模糊查询page:1,pageSize:10,name:null,gender:1,begin:null,end:null
2025-05-03 23:41:58.765 [SpringApplicationShutdownHook] INFO  com.zaxxer.hikari.HikariDataSource-HikariPool-1 - Shutdown initiated...
2025-05-03 23:41:58.773 [SpringApplicationShutdownHook] INFO  com.zaxxer.hikari.HikariDataSource-HikariPool-1 - Shutdown completed.
2025-05-03 23:42:09.502 [main] INFO  com.itheima.TliasWebManagementApplication-Starting TliasWebManagementApplication using Java 17.0.12 with PID 23556 (D:\Graduate\JavaPro\Web-Ai\tlias-web-management\target\classes started by Smart陈文钦 in D:\Graduate\JavaPro\Web-Ai)
2025-05-03 23:42:09.504 [main] INFO  com.itheima.TliasWebManagementApplication-No active profile set, falling back to 1 default profile: "default"
2025-05-03 23:42:10.949 [main] INFO  o.s.boot.web.embedded.tomcat.TomcatWebServer-Tomcat initialized with port 8081 (http)
2025-05-03 23:42:10.965 [main] INFO  org.apache.coyote.http11.Http11NioProtocol-Initializing ProtocolHandler ["http-nio-8081"]
2025-05-03 23:42:10.967 [main] INFO  org.apache.catalina.core.StandardService-Starting service [Tomcat]
2025-05-03 23:42:10.967 [main] INFO  org.apache.catalina.core.StandardEngine-Starting Servlet engine: [Apache Tomcat/10.1.40]
2025-05-03 23:42:11.030 [main] INFO  o.a.c.core.ContainerBase.[Tomcat].[localhost].[/]-Initializing Spring embedded WebApplicationContext
2025-05-03 23:42:11.031 [main] INFO  o.s.b.w.s.c.ServletWebServerApplicationContext-Root WebApplicationContext: initialization completed in 1480 ms
2025-05-03 23:42:12.090 [main] INFO  o.s.b.actuate.endpoint.web.EndpointLinksResolver-Exposing 1 endpoint beneath base path '/actuator'
2025-05-03 23:42:12.173 [main] INFO  org.apache.coyote.http11.Http11NioProtocol-Starting ProtocolHandler ["http-nio-8081"]
2025-05-03 23:42:12.199 [main] INFO  o.s.boot.web.embedded.tomcat.TomcatWebServer-Tomcat started on port 8081 (http) with context path '/'
2025-05-03 23:42:12.216 [main] INFO  com.itheima.TliasWebManagementApplication-Started TliasWebManagementApplication in 3.164 seconds (process running for 7.65)
2025-05-03 23:42:33.618 [http-nio-8081-exec-1] INFO  o.a.c.core.ContainerBase.[Tomcat].[localhost].[/]-Initializing Spring DispatcherServlet 'dispatcherServlet'
2025-05-03 23:42:33.618 [http-nio-8081-exec-1] INFO  org.springframework.web.servlet.DispatcherServlet-Initializing Servlet 'dispatcherServlet'
2025-05-03 23:42:33.621 [http-nio-8081-exec-1] INFO  org.springframework.web.servlet.DispatcherServlet-Completed initialization in 3 ms
2025-05-03 23:42:33.688 [http-nio-8081-exec-1] INFO  com.itheima.controller.EmpController-分页模糊查询page:1,pageSize:10,name:李,gender:null,begin:null,end:null
2025-05-03 23:42:33.878 [http-nio-8081-exec-1] INFO  com.zaxxer.hikari.HikariDataSource-HikariPool-1 - Starting...
2025-05-03 23:42:34.094 [http-nio-8081-exec-1] INFO  com.zaxxer.hikari.pool.HikariPool-HikariPool-1 - Added connection com.mysql.jdbc.JDBC4Connection@78f5c2c0
2025-05-03 23:42:34.097 [http-nio-8081-exec-1] INFO  com.zaxxer.hikari.HikariDataSource-HikariPool-1 - Start completed.
